\BOOKMARK [1][-]{section.1}{\376\377\000P\000r\000o\000b\000a\000b\000i\000l\000i\000t\000y}{}% 1
\BOOKMARK [2][-]{subsection.1.1}{\376\377\000B\000a\000s\000i\000c\000\040\000P\000r\000o\000b\000a\000b\000i\000l\000i\000t\000y\000\040\000S\000p\000a\000c\000e}{section.1}% 2
\BOOKMARK [3][-]{subsubsection.1.1.1}{\376\377\000I\000n\000d\000e\000p\000e\000n\000d\000e\000n\000c\000e}{subsection.1.1}% 3
\BOOKMARK [3][-]{subsubsection.1.1.2}{\376\377\000C\000o\000n\000d\000i\000t\000i\000o\000n\000a\000l\000\040\000P\000r\000o\000b\000a\000b\000i\000l\000i\000t\000y}{subsection.1.1}% 4
\BOOKMARK [3][-]{subsubsection.1.1.3}{\376\377\000B\000a\000y\000e\000s\000'\000\040\000T\000h\000e\000o\000r\000e\000m}{subsection.1.1}% 5
\BOOKMARK [3][-]{subsubsection.1.1.4}{\376\377\000R\000a\000n\000d\000o\000m\000\040\000V\000a\000r\000i\000a\000b\000l\000e\000s}{subsection.1.1}% 6
\BOOKMARK [2][-]{subsection.1.2}{\376\377\000D\000i\000s\000c\000r\000e\000t\000e\000\040\000R\000a\000n\000d\000o\000m\000\040\000V\000a\000r\000i\000a\000b\000l\000e\000s}{section.1}% 7
\BOOKMARK [3][-]{subsubsection.1.2.1}{\376\377\000P\000o\000i\000n\000t\000\040\000M\000a\000s\000s\000\040\000D\000i\000s\000t\000r\000i\000b\000u\000t\000i\000o\000n}{subsection.1.2}% 8
\BOOKMARK [3][-]{subsubsection.1.2.2}{\376\377\000U\000n\000i\000f\000o\000r\000m\000\040\000D\000i\000s\000t\000r\000i\000b\000u\000t\000i\000o\000n}{subsection.1.2}% 9
\BOOKMARK [3][-]{subsubsection.1.2.3}{\376\377\000B\000e\000r\000n\000o\000u\000l\000l\000i\000\040\000D\000i\000s\000t\000r\000i\000b\000u\000t\000i\000o\000n}{subsection.1.2}% 10
\BOOKMARK [3][-]{subsubsection.1.2.4}{\376\377\000B\000i\000n\000o\000m\000i\000a\000l\000\040\000D\000i\000s\000t\000r\000i\000b\000u\000t\000i\000o\000n}{subsection.1.2}% 11
\BOOKMARK [3][-]{subsubsection.1.2.5}{\376\377\000G\000e\000o\000m\000e\000t\000r\000i\000c\000\040\000D\000i\000s\000t\000r\000i\000b\000u\000t\000i\000o\000n}{subsection.1.2}% 12
\BOOKMARK [3][-]{subsubsection.1.2.6}{\376\377\000P\000o\000i\000s\000s\000o\000n\000\040\000D\000i\000s\000t\000r\000i\000b\000u\000t\000i\000o\000n}{subsection.1.2}% 13
\BOOKMARK [3][-]{subsubsection.1.2.7}{\376\377\000B\000i\000v\000a\000r\000i\000a\000t\000e\000\040\000D\000i\000s\000t\000r\000i\000b\000u\000t\000i\000o\000n\000s}{subsection.1.2}% 14
\BOOKMARK [3][-]{subsubsection.1.2.8}{\376\377\000M\000a\000r\000g\000i\000n\000a\000l\000\040\000D\000i\000s\000t\000r\000i\000b\000u\000t\000i\000o\000n\000s}{subsection.1.2}% 15
\BOOKMARK [2][-]{subsection.1.3}{\376\377\000C\000o\000n\000t\000i\000n\000u\000o\000u\000s\000\040\000R\000a\000n\000d\000o\000m\000\040\000V\000a\000r\000i\000a\000b\000l\000e\000s}{section.1}% 16
\BOOKMARK [3][-]{subsubsection.1.3.1}{\376\377\000U\000n\000i\000f\000o\000r\000m\000\040\000D\000i\000s\000t\000r\000i\000b\000u\000t\000i\000o\000n}{subsection.1.3}% 17
\BOOKMARK [3][-]{subsubsection.1.3.2}{\376\377\000N\000o\000r\000m\000a\000l\000\040\000\050\000G\000a\000u\000s\000s\000i\000a\000n\000\051\000\040\000D\000i\000s\000t\000r\000i\000b\000u\000t\000i\000o\000n}{subsection.1.3}% 18
\BOOKMARK [3][-]{subsubsection.1.3.3}{\376\377\000E\000x\000p\000o\000n\000e\000n\000t\000i\000a\000l\000\040\000D\000i\000s\000t\000r\000i\000b\000u\000t\000i\000o\000n}{subsection.1.3}% 19
\BOOKMARK [3][-]{subsubsection.1.3.4}{\376\377\000G\000a\000m\000m\000a\000\040\000D\000i\000s\000t\000r\000i\000b\000u\000t\000i\000o\000n}{subsection.1.3}% 20
\BOOKMARK [3][-]{subsubsection.1.3.5}{\376\377\000B\000i\000v\000a\000r\000i\000a\000t\000e\000\040\000D\000i\000s\000t\000r\000i\000b\000u\000t\000i\000o\000n\000s}{subsection.1.3}% 21
\BOOKMARK [3][-]{subsubsection.1.3.6}{\376\377\000M\000a\000r\000g\000i\000n\000a\000l\000\040\000D\000i\000s\000t\000r\000i\000b\000u\000t\000i\000o\000n\000s}{subsection.1.3}% 22
\BOOKMARK [3][-]{subsubsection.1.3.7}{\376\377\000I\000n\000d\000e\000p\000e\000n\000d\000e\000n\000t\000\040\000R\000a\000n\000d\000o\000m\000\040\000V\000a\000r\000i\000a\000b\000l\000e\000s}{subsection.1.3}% 23
\BOOKMARK [3][-]{subsubsection.1.3.8}{\376\377\000C\000o\000n\000d\000i\000t\000i\000o\000n\000a\000l\000\040\000D\000i\000s\000t\000r\000i\000b\000u\000t\000i\000o\000n\000s}{subsection.1.3}% 24
\BOOKMARK [3][-]{subsubsection.1.3.9}{\376\377\000M\000u\000l\000t\000i\000v\000a\000r\000i\000a\000t\000e\000\040\000D\000i\000s\000t\000r\000i\000b\000u\000t\000i\000o\000n\000s\000\040\000a\000n\000d\000\040\000i\000.\000i\000.\000d\000\040\000S\000a\000m\000p\000l\000e\000s}{subsection.1.3}% 25
\BOOKMARK [3][-]{subsubsection.1.3.10}{\376\377\000T\000r\000a\000n\000s\000f\000o\000r\000m\000a\000t\000i\000o\000n\000s\000\040\000o\000f\000\040\000R\000a\000n\000d\000o\000m\000\040\000V\000a\000r\000i\000a\000b\000l\000e\000s}{subsection.1.3}% 26
\BOOKMARK [3][-]{subsubsection.1.3.11}{\376\377\000T\000h\000e\000\040\000P\000r\000o\000b\000a\000b\000i\000l\000i\000t\000y\000\040\000I\000n\000t\000e\000g\000r\000a\000l\000\040\000T\000r\000a\000n\000s\000f\000o\000r\000m}{subsection.1.3}% 27
\BOOKMARK [3][-]{subsubsection.1.3.12}{\376\377\000F\000u\000n\000c\000t\000i\000o\000n\000s\000\040\000o\000f\000\040\000S\000e\000v\000e\000r\000a\000l\000\040\000R\000a\000n\000d\000o\000m\000\040\000V\000a\000r\000i\000a\000b\000l\000e\000s}{subsection.1.3}% 28
\BOOKMARK [2][-]{subsection.1.4}{\376\377\000E\000x\000e\000r\000c\000i\000s\000e\000s}{section.1}% 29
\BOOKMARK [2][-]{subsection.1.5}{\376\377\000I\000n\000e\000q\000u\000a\000l\000i\000t\000i\000e\000s}{section.1}% 30
\BOOKMARK [3][-]{subsubsection.1.5.1}{\376\377\000M\000a\000r\000k\000o\000v\000\040\000a\000n\000d\000\040\000C\000h\000e\000b\000y\000c\000h\000e\000v\000\040\000I\000n\000e\000q\000u\000a\000l\000i\000t\000i\000e\000s}{subsection.1.5}% 31
\BOOKMARK [3][-]{subsubsection.1.5.2}{\376\377\000C\000a\000u\000c\000h\000y\000-\000S\000c\000h\000w\000a\000r\000z\000\040\000a\000n\000d\000\040\000J\000e\000n\000s\000e\000n}{subsection.1.5}% 32
\BOOKMARK [3][-]{subsubsection.1.5.3}{\376\377\000H\000o\000e\000f\000f\000d\000i\000n\000g\000'\000s\000\040\000I\000n\000e\000q\000u\000a\000l\000i\000t\000y}{subsection.1.5}% 33
\BOOKMARK [2][-]{subsection.1.6}{\376\377\000C\000o\000v\000a\000r\000i\000a\000n\000c\000e}{section.1}% 34
\BOOKMARK [1][-]{section.2}{\376\377\000S\000t\000a\000t\000i\000s\000t\000i\000c\000s}{}% 35
\BOOKMARK [2][-]{subsection.2.1}{\376\377\000P\000a\000r\000a\000m\000e\000t\000r\000i\000c\000\040\000I\000n\000f\000e\000r\000e\000n\000c\000e}{section.2}% 36
\BOOKMARK [3][-]{subsubsection.2.1.1}{\376\377\000P\000a\000r\000a\000m\000e\000t\000r\000i\000c\000\040\000M\000o\000d\000e\000l\000s}{subsection.2.1}% 37
\BOOKMARK [3][-]{subsubsection.2.1.2}{\376\377\000R\000e\000v\000i\000e\000w\000\040\000o\000f\000\040\000M\000e\000a\000n\000\040\000S\000q\000u\000a\000r\000e\000d\000\040\000E\000r\000r\000o\000r\000\040\000a\000n\000d\000\040\000C\000o\000n\000s\000i\000s\000t\000e\000n\000c\000y}{subsection.2.1}% 38
\BOOKMARK [2][-]{subsection.2.2}{\376\377\000M\000e\000t\000h\000o\000d\000\040\000o\000f\000\040\000M\000o\000m\000e\000n\000t\000s}{section.2}% 39
\BOOKMARK [2][-]{subsection.2.3}{\376\377\000M\000a\000x\000i\000m\000u\000m\000\040\000L\000i\000k\000e\000l\000i\000h\000o\000o\000d\000\040\000E\000s\000t\000i\000m\000a\000t\000i\000o\000n}{section.2}% 40
\BOOKMARK [2][-]{subsection.2.4}{\376\377\000S\000t\000a\000t\000i\000s\000t\000i\000c\000a\000l\000\040\000T\000e\000s\000t\000s}{section.2}% 41
\BOOKMARK [3][-]{subsubsection.2.4.1}{\376\377\000C\000h\000i\000-\000s\000q\000u\000a\000r\000e\000\040\000T\000e\000s\000t}{subsection.2.4}% 42
\BOOKMARK [3][-]{subsubsection.2.4.2}{\376\377\000S\000p\000l\000i\000t\000\040\000H\000i\000s\000t\000o\000g\000r\000a\000m\000\040\040\023\000\040\000T\000e\000s\000t\000\040\000f\000o\000r\000\040\000I\000d\000e\000n\000t\000i\000c\000a\000l\000\040\000D\000i\000s\000t\000r\000i\000b\000u\000t\000i\000o\000n}{subsection.2.4}% 43
\BOOKMARK [3][-]{subsubsection.2.4.3}{\376\377\000L\000a\000g\000\040\000P\000l\000o\000t\000\040\040\023\000\040\000T\000e\000s\000t\000\040\000f\000o\000r\000\040\000I\000n\000d\000e\000p\000e\000n\000d\000e\000n\000c\000e}{subsection.2.4}% 44
\BOOKMARK [2][-]{subsection.2.5}{\376\377\000H\000y\000p\000o\000t\000h\000e\000s\000i\000s\000\040\000T\000e\000s\000t\000i\000n\000g}{section.2}% 45
\BOOKMARK [2][-]{subsection.2.6}{\376\377\000E\000x\000e\000r\000c\000i\000s\000e\000s}{section.2}% 46
\BOOKMARK [1][-]{section.3}{\376\377\000A\000p\000p\000e\000n\000d\000i\000x}{}% 47
\BOOKMARK [1][-]{section.4}{\376\377\000A\000p\000p\000e\000n\000d\000i\000x\000:\000\040\000P\000r\000o\000o\000f\000\040\000o\000f\000\040\000H\000o\000e\000f\000f\000d\000i\000n\000g\000'\000s\000\040\000I\000n\000e\000q\000u\000a\000l\000i\000t\000y}{}% 48
