\BOOKMARK [1][-]{section.1}{\376\377\000C\000a\000l\000c\000u\000l\000u\000s}{}% 1
\BOOKMARK [2][-]{subsection.1.1}{\376\377\000L\000e\000i\000b\000n\000i\000z\000\040\000i\000n\000t\000e\000g\000r\000a\000l\000\040\000r\000u\000l\000e}{section.1}% 2
\BOOKMARK [2][-]{subsection.1.2}{\376\377\000G\000r\000a\000d\000i\000e\000n\000t}{section.1}% 3
\BOOKMARK [2][-]{subsection.1.3}{\376\377\000J\000a\000c\000o\000b\000i\000a\000n\000\040\000M\000a\000t\000r\000i\000x}{section.1}% 4
\BOOKMARK [2][-]{subsection.1.4}{\376\377\000H\000e\000s\000s\000i\000a\000n\000\040\000M\000a\000t\000r\000i\000x}{section.1}% 5
\BOOKMARK [2][-]{subsection.1.5}{\376\377\000T\000a\000y\000l\000o\000r\000\040\000E\000x\000p\000a\000n\000s\000i\000o\000n}{section.1}% 6
\BOOKMARK [1][-]{section.2}{\376\377\000L\000i\000n\000e\000a\000r\000\040\000A\000l\000g\000e\000b\000r\000a}{}% 7
\BOOKMARK [1][-]{section.3}{\376\377\000B\000a\000s\000i\000c\000s}{}% 8
\BOOKMARK [1][-]{section.4}{\376\377\000V\000e\000c\000t\000o\000r\000\040\000n\000o\000r\000m\000s}{}% 9
\BOOKMARK [1][-]{section.5}{\376\377\000L\000i\000n\000e\000a\000r\000\040\000E\000q\000u\000a\000t\000i\000o\000n\000s\000,\000\040\000E\000l\000i\000m\000i\000n\000a\000t\000i\000o\000n\000,\000\040\000P\000e\000r\000m\000u\000t\000a\000t\000i\000o\000n}{}% 10
\BOOKMARK [1][-]{section.6}{\376\377\000C\000R\000\040\000D\000e\000c\000o\000m\000p\000o\000s\000i\000t\000i\000o\000n}{}% 11
\BOOKMARK [1][-]{section.7}{\376\377\000L\000U\000\040\000D\000e\000c\000o\000m\000p\000o\000s\000i\000t\000i\000o\000n}{}% 12
\BOOKMARK [1][-]{section.8}{\376\377\000I\000n\000v\000e\000r\000s\000e\000\040\000\046\000\040\000T\000r\000a\000n\000s\000p\000o\000s\000e}{}% 13
\BOOKMARK [1][-]{section.9}{\376\377\000T\000h\000e\000\040\000r\000a\000n\000k\000\040\000o\000f\000\040\000a\000\040\000m\000a\000t\000r\000i\000x}{}% 14
\BOOKMARK [1][-]{section.10}{\376\377\000F\000o\000u\000r\000\040\000S\000p\000a\000c\000e\000s}{}% 15
\BOOKMARK [1][-]{section.11}{\376\377\000D\000e\000t\000e\000r\000m\000i\000n\000a\000n\000t}{}% 16
\BOOKMARK [1][-]{section.12}{\376\377\000L\000e\000a\000s\000t\000\040\000s\000q\000u\000a\000r\000e\000s}{}% 17
\BOOKMARK [1][-]{section.13}{\376\377\000O\000r\000t\000h\000o\000g\000o\000n\000a\000l\000\040\000m\000a\000t\000r\000i\000c\000e\000s}{}% 18
\BOOKMARK [1][-]{section.14}{\376\377\000P\000r\000o\000j\000e\000c\000t\000i\000o\000n\000s}{}% 19
\BOOKMARK [1][-]{section.15}{\376\377\000Q\000R\000\040\000D\000e\000c\000o\000m\000p\000o\000s\000i\000t\000i\000o\000n}{}% 20
\BOOKMARK [1][-]{section.16}{\376\377\000E\000i\000g\000e\000n\000v\000a\000l\000u\000e\000s\000\040\000a\000n\000d\000\040\000E\000i\000g\000e\000n\000v\000e\000c\000t\000o\000r\000s}{}% 21
\BOOKMARK [1][-]{section.17}{\376\377\000D\000i\000a\000g\000o\000n\000a\000l\000i\000z\000i\000n\000g\000\040\000a\000\040\000M\000a\000t\000r\000i\000x}{}% 22
\BOOKMARK [1][-]{section.18}{\376\377\000S\000y\000m\000m\000e\000t\000r\000i\000c\000\040\000M\000a\000t\000r\000i\000x}{}% 23
\BOOKMARK [1][-]{section.19}{\376\377\000P\000o\000s\000i\000t\000i\000v\000e\000-\000D\000e\000f\000i\000n\000i\000t\000e\000\040\000M\000a\000t\000r\000i\000x}{}% 24
\BOOKMARK [1][-]{section.20}{\376\377\000C\000h\000o\000l\000e\000s\000k\000y\000\040\000D\000e\000c\000o\000m\000p\000o\000s\000i\000t\000i\000o\000n}{}% 25
\BOOKMARK [1][-]{section.21}{\376\377\000T\000h\000e\000\040\000S\000i\000n\000g\000u\000l\000a\000r\000\040\000V\000a\000l\000u\000e\000\040\000D\000e\000c\000o\000m\000p\000o\000s\000i\000t\000i\000o\000n}{}% 26
\BOOKMARK [1][-]{section.22}{\376\377\000P\000r\000o\000p\000e\000r\000t\000i\000e\000s\000\040\000o\000f\000\040\000t\000h\000e\000\040\000S\000V\000D}{}% 27
\BOOKMARK [1][-]{section.23}{\376\377\000T\000r\000i\000a\000n\000g\000u\000l\000a\000r\000\040\000M\000a\000t\000r\000i\000x}{}% 28
\BOOKMARK [1][-]{section.24}{\376\377\000S\000o\000m\000e\000\040\000n\000i\000c\000e\000\040\000p\000r\000o\000b\000l\000e\000m\000s}{}% 29
